[35m[HTTP][39m [37m-->[39m [37mPOST[39m [37m/session[39m
[35m[HTTP][39m [90m{"capabilities":{"alwaysMatch":{"platformName":"Android","appium:platformVersion":"11","appium:deviceName":"Pixel 3","appium:automationName":"uiautomator2","appium:app":"C:\\Users\\Sarah\\Desktop\\webdriverio-appium\\app\\android\\ColorNote Notepad.apk","appium:autoGrantPermissions":true},"firstMatch":[{}]},"desiredCapabilities":{"platformName":"Android","appium:platformVersion":"11","appium:deviceName":"Pixel 3","appium:automationName":"uiautomator2","appium:app":"C:\\Users\\Sarah\\Desktop\\webdriverio-appium\\app\\android\\ColorNote Notepad.apk","appium:autoGrantPermissions":true}}[39m
[debug] [35m[W3C][39m Calling AppiumDriver.createSession() with args: [{"platformName":"Android","appium:platformVersion":"11","appium:deviceName":"Pixel 3","appium:automationName":"uiautomator2","appium:app":"C:\\Users\\Sarah\\Desktop\\webdriverio-appium\\app\\android\\ColorNote Notepad.apk","appium:autoGrantPermissions":true},null,{"alwaysMatch":{"platformName":"Android","appium:platformVersion":"11","appium:deviceName":"Pixel 3","appium:automationName":"uiautomator2","appium:app":"C:\\Users\\Sarah\\Desktop\\webdriverio-appium\\app\\android\\ColorNote Notepad.apk","appium:autoGrantPermissions":true},"firstMatch":[{}]}]
[debug] [35m[BaseDriver][39m Event 'newSessionRequested' logged at 1658247849249 (18:24:09 GMT+0200 (Mitteleuropäische Sommerzeit))
[35m[Appium][39m Appium v1.22.3 creating new AndroidUiautomator2Driver (v1.70.1) session
[debug] [35m[BaseDriver][39m W3C capabilities and MJSONWP desired capabilities were provided
[debug] [35m[BaseDriver][39m Creating session with W3C capabilities: {
[debug] [35m[BaseDriver][39m   "alwaysMatch": {
[debug] [35m[BaseDriver][39m     "platformName": "Android",
[debug] [35m[BaseDriver][39m     "appium:platformVersion": "11",
[debug] [35m[BaseDriver][39m     "appium:deviceName": "Pixel 3",
[debug] [35m[BaseDriver][39m     "appium:automationName": "uiautomator2",
[debug] [35m[BaseDriver][39m     "appium:app": "C:\\Users\\Sarah\\Desktop\\webdriverio-appium\\app\\android\\ColorNote Notepad.apk",
[debug] [35m[BaseDriver][39m     "appium:autoGrantPermissions": true
[debug] [35m[BaseDriver][39m   },
[debug] [35m[BaseDriver][39m   "firstMatch": [
[debug] [35m[BaseDriver][39m     {}
[debug] [35m[BaseDriver][39m   ]
[debug] [35m[BaseDriver][39m }
[35m[BaseDriver][39m Session created with session id: 1916bcf1-3f5b-4869-b206-8931e9f18455
[35m[BaseDriver][39m Using local app 'C:\Users\Sarah\Desktop\webdriverio-appium\app\android\ColorNote Notepad.apk'
[debug] [35m[UiAutomator2][39m Checking whether app is actually present
[35m[ADB][39m Found 2 'build-tools' folders under 'C:\Users\Sarah\AppData\Local\Android\Sdk' (newest first):
[35m[ADB][39m     C:/Users/Sarah/AppData/Local/Android/Sdk/build-tools/32.1.0-rc1
[35m[ADB][39m     C:/Users/Sarah/AppData/Local/Android/Sdk/build-tools/32.0.0
[35m[ADB][39m Using 'adb.exe' from 'C:\Users\Sarah\AppData\Local\Android\Sdk\platform-tools\adb.exe'
[debug] [35m[ADB][39m Running 'C:\Users\Sarah\AppData\Local\Android\Sdk\platform-tools\adb.exe -P 5037 start-server'
[35m[AndroidDriver][39m Retrieving device list
[debug] [35m[ADB][39m Trying to find a connected android device
[debug] [35m[ADB][39m Getting connected devices
[debug] [35m[ADB][39m Connected devices: [{"udid":"emulator-5554","state":"device"}]
[35m[AndroidDriver][39m Looking for a device with Android '11.0.0'
[debug] [35m[ADB][39m Setting device id to emulator-5554
[35m[ADB][39m Getting device platform version
[debug] [35m[ADB][39m Running 'C:\Users\Sarah\AppData\Local\Android\Sdk\platform-tools\adb.exe -P 5037 -s emulator-5554 shell getprop ro.build.version.release'
[debug] [35m[ADB][39m Current device property 'ro.build.version.release': 11
[35m[AndroidDriver][39m Using device: emulator-5554
[35m[ADB][39m Using 'adb.exe' from 'C:\Users\Sarah\AppData\Local\Android\Sdk\platform-tools\adb.exe'
[debug] [35m[ADB][39m Running 'C:\Users\Sarah\AppData\Local\Android\Sdk\platform-tools\adb.exe -P 5037 start-server'
[debug] [35m[ADB][39m Setting device id to emulator-5554
[debug] [35m[ADB][39m Running 'C:\Users\Sarah\AppData\Local\Android\Sdk\platform-tools\adb.exe -P 5037 -s emulator-5554 shell getprop ro.build.version.sdk'
[debug] [35m[ADB][39m Current device property 'ro.build.version.sdk': 30
[35m[ADB][39m Getting device platform version
[debug] [35m[ADB][39m Running 'C:\Users\Sarah\AppData\Local\Android\Sdk\platform-tools\adb.exe -P 5037 -s emulator-5554 shell getprop ro.build.version.release'
[debug] [35m[ADB][39m Current device property 'ro.build.version.release': 11
[debug] [35m[ADB][39m Device API level: 30
[35m[UiAutomator2][39m Relaxing hidden api policy
[debug] [35m[ADB][39m Running 'C:\Users\Sarah\AppData\Local\Android\Sdk\platform-tools\adb.exe -P 5037 -s emulator-5554 shell 'settings put global hidden_api_policy_pre_p_apps 1;settings put global hidden_api_policy_p_apps 1;settings put global hidden_api_policy 1''
[debug] [35m[AndroidDriver][39m Parsing package and activity from app manifest
[35m[ADB][39m Package name: 'com.socialnmobile.dictapps.notepad.color.note'
[35m[ADB][39m Main activity name: 'com.socialnmobile.colornote.activity.Main'
[debug] [35m[AndroidDriver][39m Parsed package and activity are: com.socialnmobile.dictapps.notepad.color.note/com.socialnmobile.colornote.activity.Main
[debug] [35m[ADB][39m Running 'C:\Users\Sarah\AppData\Local\Android\Sdk\platform-tools\adb.exe -P 5037 -s emulator-5554 wait-for-device'
[debug] [35m[ADB][39m Running 'C:\Users\Sarah\AppData\Local\Android\Sdk\platform-tools\adb.exe -P 5037 -s emulator-5554 shell echo ping'
[debug] [35m[AndroidDriver][39m Pushing settings apk to device...
[debug] [35m[ADB][39m Getting install status for io.appium.settings
[debug] [35m[ADB][39m Running 'C:\Users\Sarah\AppData\Local\Android\Sdk\platform-tools\adb.exe -P 5037 -s emulator-5554 shell dumpsys package io.appium.settings'
[debug] [35m[ADB][39m 'io.appium.settings' is installed
[debug] [35m[ADB][39m Getting package info for 'io.appium.settings'
[debug] [35m[ADB][39m Running 'C:\Users\Sarah\AppData\Local\Android\Sdk\platform-tools\adb.exe -P 5037 -s emulator-5554 shell dumpsys package io.appium.settings'
[debug] [35m[ADB][39m The version name of the installed 'io.appium.settings' is greater or equal to the application version name ('3.4.0' >= '3.4.0')
[debug] [35m[ADB][39m There is no need to install/upgrade 'C:\Users\Sarah\node_modules\appium\node_modules\io.appium.settings\apks\settings_apk-debug.apk'
[debug] [35m[ADB][39m Getting IDs of all 'io.appium.settings' processes
[debug] [35m[ADB][39m Running 'C:\Users\Sarah\AppData\Local\Android\Sdk\platform-tools\adb.exe -P 5037 -s emulator-5554 shell 'pgrep --help; echo $?''
[debug] [35m[ADB][39m Running 'C:\Users\Sarah\AppData\Local\Android\Sdk\platform-tools\adb.exe -P 5037 -s emulator-5554 shell pgrep -f \(\[\[:blank:\]\]\|\^\)io\.appium\.settings\(\[\[:blank:\]\]\|\$\)'
[debug] [35m[AndroidDriver][39m io.appium.settings is already running. There is no need to reset its permissions.
[debug] [35m[Logcat][39m Starting logs capture with command: C:\\Users\\Sarah\\AppData\\Local\\Android\\Sdk\\platform-tools\\adb.exe -P 5037 -s emulator-5554 logcat -v threadtime
[debug] [35m[UiAutomator2][39m Forwarding UiAutomator2 Server port 6790 to local port 8200
[debug] [35m[ADB][39m Forwarding system: 8200 to device: 6790
[debug] [35m[ADB][39m Running 'C:\Users\Sarah\AppData\Local\Android\Sdk\platform-tools\adb.exe -P 5037 -s emulator-5554 forward tcp:8200 tcp:6790'
[debug] [35m[ADB][39m Getting install status for io.appium.uiautomator2.server
[debug] [35m[ADB][39m Running 'C:\Users\Sarah\AppData\Local\Android\Sdk\platform-tools\adb.exe -P 5037 -s emulator-5554 shell dumpsys package io.appium.uiautomator2.server'
[debug] [35m[ADB][39m 'io.appium.uiautomator2.server' is installed
[debug] [35m[ADB][39m Getting package info for 'io.appium.uiautomator2.server'
[debug] [35m[ADB][39m Running 'C:\Users\Sarah\AppData\Local\Android\Sdk\platform-tools\adb.exe -P 5037 -s emulator-5554 shell dumpsys package io.appium.uiautomator2.server'
[debug] [35m[ADB][39m The version name of the installed 'io.appium.uiautomator2.server' is greater or equal to the application version name ('4.27.0' >= '4.27.0')
[debug] [35m[UiAutomator2][39m io.appium.uiautomator2.server installation state: sameVersionInstalled
[debug] [35m[ADB][39m Checking app cert for C:\Users\Sarah\node_modules\appium\node_modules\appium-uiautomator2-server\apks\appium-uiautomator2-server-v4.27.0.apk
[35m[ADB][39m Using 'apksigner.jar' from 'C:\Users\Sarah\AppData\Local\Android\Sdk\build-tools\32.1.0-rc1\lib\apksigner.jar'
[debug] [35m[ADB][39m Starting apksigner: 'C:\\Program Files\\Java\\jdk-17.0.2\\bin\\java.exe' -Xmx1024M -Xss1m -jar C:\\Users\\Sarah\\AppData\\Local\\Android\\Sdk\\build-tools\\32.1.0-rc1\\lib\\apksigner.jar verify --print-certs C:\\Users\\Sarah\\node_modules\\appium\\node_modules\\appium-uiautomator2-server\\apks\\appium-uiautomator2-server-v4.27.0.apk
[debug] [35m[ADB][39m apksigner stdout: Signer #1 certificate DN: EMAILADDRESS=android@android.com, CN=Android, OU=Android, O=Android, L=Mountain View, ST=California, C=US
[debug] [35m[ADB][39m Signer #1 certificate SHA-256 digest: a40da80a59d170caa950cf15c18c454d47a39b26989d8b640ecd745ba71bf5dc
[debug] [35m[ADB][39m Signer #1 certificate SHA-1 digest: 61ed377e85d386a8dfee6b864bd85b0bfaa5af81
[debug] [35m[ADB][39m Signer #1 certificate MD5 digest: e89b158e4bcf988ebd09eb83f5378e87
[debug] [35m[ADB][39m 
[debug] [35m[ADB][39m sha256 hash did match for 'appium-uiautomator2-server-v4.27.0.apk'
[35m[ADB][39m 'C:\Users\Sarah\node_modules\appium\node_modules\appium-uiautomator2-server\apks\appium-uiautomator2-server-v4.27.0.apk' is signed with the default certificate
[debug] [35m[ADB][39m Getting install status for io.appium.uiautomator2.server.test
[debug] [35m[ADB][39m Running 'C:\Users\Sarah\AppData\Local\Android\Sdk\platform-tools\adb.exe -P 5037 -s emulator-5554 shell dumpsys package io.appium.uiautomator2.server.test'
[debug] [35m[ADB][39m 'io.appium.uiautomator2.server.test' is installed
[debug] [35m[ADB][39m Checking app cert for C:\Users\Sarah\node_modules\appium\node_modules\appium-uiautomator2-server\apks\appium-uiautomator2-server-debug-androidTest.apk
[debug] [35m[ADB][39m Starting apksigner: 'C:\\Program Files\\Java\\jdk-17.0.2\\bin\\java.exe' -Xmx1024M -Xss1m -jar C:\\Users\\Sarah\\AppData\\Local\\Android\\Sdk\\build-tools\\32.1.0-rc1\\lib\\apksigner.jar verify --print-certs C:\\Users\\Sarah\\node_modules\\appium\\node_modules\\appium-uiautomator2-server\\apks\\appium-uiautomator2-server-debug-androidTest.apk
[debug] [35m[ADB][39m apksigner stdout: Signer #1 certificate DN: EMAILADDRESS=android@android.com, CN=Android, OU=Android, O=Android, L=Mountain View, ST=California, C=US
[debug] [35m[ADB][39m Signer #1 certificate SHA-256 digest: a40da80a59d170caa950cf15c18c454d47a39b26989d8b640ecd745ba71bf5dc
[debug] [35m[ADB][39m Signer #1 certificate SHA-1 digest: 61ed377e85d386a8dfee6b864bd85b0bfaa5af81
[debug] [35m[ADB][39m Signer #1 certificate MD5 digest: e89b158e4bcf988ebd09eb83f5378e87
[debug] [35m[ADB][39m 
[debug] [35m[ADB][39m sha256 hash did match for 'appium-uiautomator2-server-debug-androidTest.apk'
[35m[ADB][39m 'C:\Users\Sarah\node_modules\appium\node_modules\appium-uiautomator2-server\apks\appium-uiautomator2-server-debug-androidTest.apk' is signed with the default certificate
[35m[UiAutomator2][39m Server packages are not going to be (re)installed
[debug] [35m[UiAutomator2][39m Waiting up to 30000ms for services to be available
[debug] [35m[ADB][39m Running 'C:\Users\Sarah\AppData\Local\Android\Sdk\platform-tools\adb.exe -P 5037 -s emulator-5554 shell pm list instrumentation'
[debug] [35m[UiAutomator2][39m Instrumentation target 'io.appium.uiautomator2.server.test/androidx.test.runner.AndroidJUnitRunner' is available
[35m[ADB][39m Adding packages ["io.appium.settings","io.appium.uiautomator2.server","io.appium.uiautomator2.server.test"] to Doze whitelist
[debug] [35m[ADB][39m Got the following command chunks to execute: [["dumpsys","deviceidle","whitelist","+io.appium.settings",";","dumpsys","deviceidle","whitelist","+io.appium.uiautomator2.server",";","dumpsys","deviceidle","whitelist","+io.appium.uiautomator2.server.test",";"]]
[debug] [35m[ADB][39m Running 'C:\Users\Sarah\AppData\Local\Android\Sdk\platform-tools\adb.exe -P 5037 -s emulator-5554 shell dumpsys deviceidle whitelist +io.appium.settings ; dumpsys deviceidle whitelist +io.appium.uiautomator2.server ; dumpsys deviceidle whitelist +io.appium.uiautomator2.server.test ;'
[debug] [35m[ADB][39m Checking app cert for C:\Users\Sarah\Desktop\webdriverio-appium\app\android\ColorNote Notepad.apk
[debug] [35m[ADB][39m Starting apksigner: 'C:\\Program Files\\Java\\jdk-17.0.2\\bin\\java.exe' -Xmx1024M -Xss1m -jar C:\\Users\\Sarah\\AppData\\Local\\Android\\Sdk\\build-tools\\32.1.0-rc1\\lib\\apksigner.jar verify --print-certs 'C:\\Users\\Sarah\\Desktop\\webdriverio-appium\\app\\android\\ColorNote Notepad.apk'
[debug] [35m[ADB][39m apksigner stdout: Signer #1 certificate DN: CN=socialnmobile, OU=android, O=socialnmobile, L=Unknown, ST=Unknown, C=Unknown
[debug] [35m[ADB][39m Signer #1 certificate SHA-256 digest: 4e92275e4f7853f3df65171071f0b6841b063520ee93d9bb2db647baec695b98
[debug] [35m[ADB][39m Signer #1 certificate SHA-1 digest: f4d8a67bf40879df79cbf1dc8b2999df74ebbf76
[debug] [35m[ADB][39m Signer #1 certificate MD5 digest: 8190fa0dfb1457782dbbe689beef98b7
[debug] [35m[ADB][39m 
[35m[ADB][39m 'C:\Users\Sarah\Desktop\webdriverio-appium\app\android\ColorNote Notepad.apk' is signed with a non-default certificate
[debug] [35m[ADB][39m Getting install status for com.socialnmobile.dictapps.notepad.color.note
[debug] [35m[ADB][39m Running 'C:\Users\Sarah\AppData\Local\Android\Sdk\platform-tools\adb.exe -P 5037 -s emulator-5554 shell dumpsys package com.socialnmobile.dictapps.notepad.color.note'
[debug] [35m[ADB][39m 'com.socialnmobile.dictapps.notepad.color.note' is installed
[debug] [35m[ADB][39m Getting package info for 'com.socialnmobile.dictapps.notepad.color.note'
[debug] [35m[ADB][39m Running 'C:\Users\Sarah\AppData\Local\Android\Sdk\platform-tools\adb.exe -P 5037 -s emulator-5554 shell dumpsys package com.socialnmobile.dictapps.notepad.color.note'
[debug] [35m[ADB][39m The version name of the installed 'com.socialnmobile.dictapps.notepad.color.note' is greater or equal to the application version name ('4.2.4' >= '4.2.4')
[debug] [35m[ADB][39m There is no need to install/upgrade 'C:\Users\Sarah\Desktop\webdriverio-appium\app\android\ColorNote Notepad.apk'
[35m[AndroidDriver][39m Performing fast reset on 'com.socialnmobile.dictapps.notepad.color.note'
[debug] [35m[ADB][39m Getting install status for com.socialnmobile.dictapps.notepad.color.note
[debug] [35m[ADB][39m Running 'C:\Users\Sarah\AppData\Local\Android\Sdk\platform-tools\adb.exe -P 5037 -s emulator-5554 shell dumpsys package com.socialnmobile.dictapps.notepad.color.note'
[debug] [35m[ADB][39m 'com.socialnmobile.dictapps.notepad.color.note' is installed
[debug] [35m[ADB][39m Running 'C:\Users\Sarah\AppData\Local\Android\Sdk\platform-tools\adb.exe -P 5037 -s emulator-5554 shell am force-stop com.socialnmobile.dictapps.notepad.color.note'
[debug] [35m[ADB][39m Running 'C:\Users\Sarah\AppData\Local\Android\Sdk\platform-tools\adb.exe -P 5037 -s emulator-5554 shell pm clear com.socialnmobile.dictapps.notepad.color.note'
[debug] [35m[ADB][39m Running 'C:\Users\Sarah\AppData\Local\Android\Sdk\platform-tools\adb.exe -P 5037 -s emulator-5554 shell dumpsys package com.socialnmobile.dictapps.notepad.color.note'
[debug] [35m[ADB][39m Retrieving requested permissions
[debug] [35m[ADB][39m Retrieved 16 permissions from requested group
[debug] [35m[ADB][39m Retrieving granted permissions
[debug] [35m[ADB][39m Retrieved 7 permissions from install,runtime groups
[debug] [35m[ADB][39m Granting permissions ["android.permission.WRITE_EXTERNAL_STORAGE","android.permission.READ_EXTERNAL_STORAGE"] to 'com.socialnmobile.dictapps.notepad.color.note'
[debug] [35m[ADB][39m Got the following command chunks to execute: [["pm","grant","com.socialnmobile.dictapps.notepad.color.note","android.permission.WRITE_EXTERNAL_STORAGE",";","pm","grant","com.socialnmobile.dictapps.notepad.color.note","android.permission.READ_EXTERNAL_STORAGE",";"]]
[debug] [35m[ADB][39m Running 'C:\Users\Sarah\AppData\Local\Android\Sdk\platform-tools\adb.exe -P 5037 -s emulator-5554 shell pm grant com.socialnmobile.dictapps.notepad.color.note android.permission.WRITE_EXTERNAL_STORAGE ; pm grant com.socialnmobile.dictapps.notepad.color.note android.permission.READ_EXTERNAL_STORAGE ;'
[debug] [35m[AndroidDriver][39m Performed fast reset on the installed 'com.socialnmobile.dictapps.notepad.color.note' application (stop and clear)
[debug] [35m[UiAutomator2][39m Performing shallow cleanup of automation leftovers
[debug] [35m[UiAutomator2][39m No obsolete sessions have been detected (socket hang up)
[debug] [35m[ADB][39m Running 'C:\Users\Sarah\AppData\Local\Android\Sdk\platform-tools\adb.exe -P 5037 -s emulator-5554 shell am force-stop io.appium.uiautomator2.server.test'
[35m[UiAutomator2][39m Starting UIAutomator2 server 4.27.0
[35m[UiAutomator2][39m Using UIAutomator2 server from 'C:\Users\Sarah\node_modules\appium\node_modules\appium-uiautomator2-server\apks\appium-uiautomator2-server-v4.27.0.apk' and test from 'C:\Users\Sarah\node_modules\appium\node_modules\appium-uiautomator2-server\apks\appium-uiautomator2-server-debug-androidTest.apk'
[35m[UiAutomator2][39m Waiting up to 30000ms for UiAutomator2 to be online...
[debug] [35m[ADB][39m Creating ADB subprocess with args: ["-P",5037,"-s","emulator-5554","shell","am","instrument","-w","-e","disableAnalytics",true,"io.appium.uiautomator2.server.test/androidx.test.runner.AndroidJUnitRunner"]
[debug] [35m[WD Proxy][39m Matched '/status' to command name 'getStatus'
[debug] [35m[WD Proxy][39m Proxying [GET /status] to [GET http://127.0.0.1:8200/wd/hub/status] with no body
[35m[WD Proxy][39m socket hang up
[debug] [35m[Instrumentation][39m io.appium.uiautomator2.server.test.AppiumUiAutomator2Server:
[debug] [35m[WD Proxy][39m Matched '/status' to command name 'getStatus'
[debug] [35m[WD Proxy][39m Proxying [GET /status] to [GET http://127.0.0.1:8200/wd/hub/status] with no body
[35m[WD Proxy][39m socket hang up
[debug] [35m[WD Proxy][39m Matched '/status' to command name 'getStatus'
[debug] [35m[WD Proxy][39m Proxying [GET /status] to [GET http://127.0.0.1:8200/wd/hub/status] with no body
[35m[WD Proxy][39m socket hang up
[debug] [35m[WD Proxy][39m Matched '/status' to command name 'getStatus'
[debug] [35m[WD Proxy][39m Proxying [GET /status] to [GET http://127.0.0.1:8200/wd/hub/status] with no body
[debug] [35m[WD Proxy][39m Got response with status 200: {"sessionId":"None","value":{"message":"UiAutomator2 Server is ready to accept commands","ready":true}}
[debug] [35m[UiAutomator2][39m The initialization of the instrumentation process took 3237ms
[debug] [35m[WD Proxy][39m Matched '/session' to command name 'createSession'
[debug] [35m[WD Proxy][39m Proxying [POST /session] to [POST http://127.0.0.1:8200/wd/hub/session] with body: {"capabilities":{"firstMatch":[{"platform":"LINUX","webStorageEnabled":false,"takesScreenshot":true,"javascriptEnabled":true,"databaseEnabled":false,"networkConnectionEnabled":true,"locationContextEnabled":false,"warnings":{},"desired":{"platformName":"Android","platformVersion":"11","deviceName":"Pixel 3","automationName":"uiautomator2","app":"C:\\Users\\Sarah\\Desktop\\webdriverio-appium\\app\\android\\ColorNote Notepad.apk","autoGrantPermissions":true},"platformName":"Android","platformVersion":"11","deviceName":"emulator-5554","automationName":"uiautomator2","app":"C:\\Users\\Sarah\\Desktop\\webdriverio-appium\\app\\android\\ColorNote Notepad.apk","autoGrantPermissions":true,"deviceUDID":"emulator-5554","appPackage":"com.socialnmobile.dictapps.notepad.color.note"}],"alwaysMatch":{}}}
[debug] [35m[WD Proxy][39m Got response with status 200: {"sessionId":"67777e5c-8dbb-4453-96bd-2ff7e4f9533a","value":{"capabilities":{"firstMatch":[{"platform":"LINUX","webStorageEnabled":false,"takesScreenshot":true,"javascriptEnabled":true,"databaseEnabled":false,"networkConnectionEnabled":true,"locationContextEnabled":false,"warnings":{},"desired":{"platformName":"Android","platformVersion":"11","deviceName":"Pixel 3","automationName":"uiautomator2","app":"C:\\Users\\Sarah\\Desktop\\webdriverio-appium\\app\\android\\ColorNote Notepad.apk","autoGrantPermissions":true},"platformName":"Android","platformVersion":"11","deviceName":"emulator-5554","automationName":"uiautomator2","app":"C:\\Users\\Sarah\\Desktop\\webdriverio-appium\\app\\android\\ColorNote Notepad.apk","autoGrantPermissions":true,"deviceUDID":"emulator-5554","appPackage":"com.socialnmobile.dictapps.notepad.color.note"}],"alwaysMatch":{}},"sessionId":"67777e5c-8dbb-4453-96bd-2ff7e4f9533a"}}
[35m[WD Proxy][39m Determined the downstream protocol as 'W3C'
[debug] [35m[WD Proxy][39m Proxying [GET /appium/device/info] to [GET http://127.0.0.1:8200/wd/hub/session/67777e5c-8dbb-4453-96bd-2ff7e4f9533a/appium/device/info] with no body
[debug] [35m[WD Proxy][39m Got response with status 200: {"sessionId":"67777e5c-8dbb-4453-96bd-2ff7e4f9533a","value":{"androidId":"076bf61e699fde25","apiVersion":"30","bluetooth":{"state":"ON"},"brand":"google","carrierName":"Android","displayDensity":440,"locale":"en_US","manufacturer":"Google","model":"sdk_gphone_x86","networks":[{"capabilities":{"SSID":null,"linkDownBandwidthKbps":141000,"linkUpstreamBandwidthKbps":141000,"networkCapabilities":"NET_CAPABILITY_NOT_METERED,NET_CAPABILITY_INTERNET,NET_CAPABILITY_NOT_RESTRICTED,NET_CAPABILITY_TRUSTED,NET_CAPABILITY_NOT_VPN,NET_CAPABILITY_VALIDATED,NET_CAPABILITY_NOT_ROAMING,NET_CAPABILITY_FOREGROUND,NET_CAPABILITY_NOT_CONGESTED,NET_CAPABILITY_NOT_SUSPENDED","signalStrength":-30,"transportTypes":"TRANSPORT_WIFI"},"detailedState":"CONNECTED","extraInfo":"","isAvailable":true,"isConnected":true,"isFailover":false,"isRoaming":false,"state":"CONNECTED","subtype":0,"subtypeName":"","type":1,"typeName":"WIFI"},{"capabilities":{"SSID":null,"linkDownBandwidthKbps":30000,"linkUpstreamBandwidthKbps":15000,"networkCapabiliti...
[debug] [35m[ADB][39m Running 'C:\Users\Sarah\AppData\Local\Android\Sdk\platform-tools\adb.exe -P 5037 -s emulator-5554 shell dumpsys window'
[35m[AndroidDriver][39m Screen already unlocked, doing nothing
[35m[UiAutomator2][39m Starting 'com.socialnmobile.dictapps.notepad.color.note/com.socialnmobile.colornote.activity.Main and waiting for 'com.socialnmobile.dictapps.notepad.color.note/com.socialnmobile.colornote.activity.Main'
[debug] [35m[ADB][39m Running 'C:\Users\Sarah\AppData\Local\Android\Sdk\platform-tools\adb.exe -P 5037 -s emulator-5554 shell am start -W -n com.socialnmobile.dictapps.notepad.color.note/com.socialnmobile.colornote.activity.Main -S -a android.intent.action.MAIN -c android.intent.category.LAUNCHER -f 0x10200000'
[debug] [35m[ADB][39m Waiting up to 20000ms for activity matching pkg: 'com.socialnmobile.dictapps.notepad.color.note' and activity: 'com.socialnmobile.colornote.activity.Main' to be focused
[debug] [35m[ADB][39m Possible activities, to be checked: 'com.socialnmobile.colornote.activity.Main', 'com.socialnmobile.dictapps.notepad.color.note.com.socialnmobile.colornote.activity.Main'
[debug] [35m[ADB][39m Getting focused package and activity
[debug] [35m[ADB][39m Running 'C:\Users\Sarah\AppData\Local\Android\Sdk\platform-tools\adb.exe -P 5037 -s emulator-5554 shell dumpsys window displays'
[debug] [35m[ADB][39m Found package: 'com.socialnmobile.dictapps.notepad.color.note' and fully qualified activity name : 'com.socialnmobile.colornote.activity.Main'
[debug] [35m[WD Proxy][39m Proxying [GET /appium/device/pixel_ratio] to [GET http://127.0.0.1:8200/wd/hub/session/67777e5c-8dbb-4453-96bd-2ff7e4f9533a/appium/device/pixel_ratio] with no body
[debug] [35m[WD Proxy][39m Got response with status 200: {"sessionId":"67777e5c-8dbb-4453-96bd-2ff7e4f9533a","value":2.75}
[debug] [35m[WD Proxy][39m Matched '/appium/device/system_bars' to command name 'getSystemBars'
[debug] [35m[WD Proxy][39m Proxying [GET /appium/device/system_bars] to [GET http://127.0.0.1:8200/wd/hub/session/67777e5c-8dbb-4453-96bd-2ff7e4f9533a/appium/device/system_bars] with no body
[debug] [35m[WD Proxy][39m Got response with status 200: {"sessionId":"67777e5c-8dbb-4453-96bd-2ff7e4f9533a","value":{"statusBar":66}}
[debug] [35m[WD Proxy][39m Matched '/window/current/size' to command name 'getWindowSize'
[debug] [35m[WD Proxy][39m Proxying [GET /window/current/size] to [GET http://127.0.0.1:8200/wd/hub/session/67777e5c-8dbb-4453-96bd-2ff7e4f9533a/window/current/size] with no body
[debug] [35m[WD Proxy][39m Got response with status 200: {"sessionId":"67777e5c-8dbb-4453-96bd-2ff7e4f9533a","value":{"height":2028,"width":1080}}
[35m[Appium][39m New AndroidUiautomator2Driver session created successfully, session 1916bcf1-3f5b-4869-b206-8931e9f18455 added to master session list
[debug] [35m[BaseDriver][39m Event 'newSessionStarted' logged at 1658247858004 (18:24:18 GMT+0200 (Mitteleuropäische Sommerzeit))
[debug] [35m[W3C (1916bcf1)][39m Cached the protocol value 'W3C' for the new session 1916bcf1-3f5b-4869-b206-8931e9f18455
[debug] [35m[W3C (1916bcf1)][39m Responding to client with driver.createSession() result: {"capabilities":{"platform":"LINUX","webStorageEnabled":false,"takesScreenshot":true,"javascriptEnabled":true,"databaseEnabled":false,"networkConnectionEnabled":true,"locationContextEnabled":false,"warnings":{},"desired":{"platformName":"Android","platformVersion":"11","deviceName":"Pixel 3","automationName":"uiautomator2","app":"C:\\Users\\Sarah\\Desktop\\webdriverio-appium\\app\\android\\ColorNote Notepad.apk","autoGrantPermissions":true},"platformName":"Android","platformVersion":"11","deviceName":"emulator-5554","automationName":"uiautomator2","app":"C:\\Users\\Sarah\\Desktop\\webdriverio-appium\\app\\android\\ColorNote Notepad.apk","autoGrantPermissions":true,"deviceUDID":"emulator-5554","appPackage":"com.socialnmobile.dictapps.notepad.color.note","deviceApiLevel":30,"deviceScreenSize":"1080x2160","deviceScreenDensity":440,"deviceModel":"sdk_gphone_x86","deviceManufacturer":"Google","pixelRatio":2.75,"statBarHeight":66,"viewportRect":{"left":0,"top":66,"width":1080,"height":1962}}}
[35m[HTTP][39m [37m<-- POST /session [39m[32m200[39m [90m8764 ms - 1062[39m
[35m[HTTP][39m [90m[39m
[35m[HTTP][39m [37m-->[39m [37mPOST[39m [37m/session/1916bcf1-3f5b-4869-b206-8931e9f18455/element[39m
[35m[HTTP][39m [90m{"using":"xpath","value":"//*[@resource-id=\"com.socialnmobile.dictapps.notepad.color.note:id/btn_start_skip\"]"}[39m
[debug] [35m[W3C (1916bcf1)][39m Calling AppiumDriver.findElement() with args: ["xpath","//*[@resource-id=\"com.socialnmobile.dictapps.notepad.color.note:id/btn_start_skip\"]","1916bcf1-3f5b-4869-b206-8931e9f18455"]
[debug] [35m[BaseDriver][39m Valid locator strategies for this request: xpath, id, class name, accessibility id, css selector, -android uiautomator
[debug] [35m[BaseDriver][39m Waiting up to 0 ms for condition
[debug] [35m[WD Proxy][39m Matched '/element' to command name 'findElement'
[debug] [35m[WD Proxy][39m Proxying [POST /element] to [POST http://127.0.0.1:8200/wd/hub/session/67777e5c-8dbb-4453-96bd-2ff7e4f9533a/element] with body: {"strategy":"xpath","selector":"//*[@resource-id=\"com.socialnmobile.dictapps.notepad.color.note:id/btn_start_skip\"]","context":"","multiple":false}
[debug] [35m[WD Proxy][39m Got response with status 200: {"sessionId":"67777e5c-8dbb-4453-96bd-2ff7e4f9533a","value":{"ELEMENT":"00000000-0000-0020-ffff-ffff0000008f","element-6066-11e4-a52e-4f735466cecf":"00000000-0000-0020-ffff-ffff0000008f"}}
[debug] [35m[W3C (1916bcf1)][39m Responding to client with driver.findElement() result: {"element-6066-11e4-a52e-4f735466cecf":"00000000-0000-0020-ffff-ffff0000008f","ELEMENT":"00000000-0000-0020-ffff-ffff0000008f"}
[35m[HTTP][39m [37m<-- POST /session/1916bcf1-3f5b-4869-b206-8931e9f18455/element [39m[32m200[39m [90m1584 ms - 137[39m
[35m[HTTP][39m [90m[39m
[35m[HTTP][39m [37m-->[39m [37mPOST[39m [37m/session/1916bcf1-3f5b-4869-b206-8931e9f18455/element/00000000-0000-0020-ffff-ffff0000008f/click[39m
[35m[HTTP][39m [90m{}[39m
[debug] [35m[W3C (1916bcf1)][39m Calling AppiumDriver.click() with args: ["00000000-0000-0020-ffff-ffff0000008f","1916bcf1-3f5b-4869-b206-8931e9f18455"]
[debug] [35m[WD Proxy][39m Matched '/element/00000000-0000-0020-ffff-ffff0000008f/click' to command name 'click'
[debug] [35m[WD Proxy][39m Proxying [POST /element/00000000-0000-0020-ffff-ffff0000008f/click] to [POST http://127.0.0.1:8200/wd/hub/session/67777e5c-8dbb-4453-96bd-2ff7e4f9533a/element/00000000-0000-0020-ffff-ffff0000008f/click] with body: {"element":"00000000-0000-0020-ffff-ffff0000008f"}
[debug] [35m[WD Proxy][39m Got response with status 200: {"sessionId":"67777e5c-8dbb-4453-96bd-2ff7e4f9533a","value":null}
[debug] [35m[W3C (1916bcf1)][39m Responding to client with driver.click() result: null
[35m[HTTP][39m [37m<-- POST /session/1916bcf1-3f5b-4869-b206-8931e9f18455/element/00000000-0000-0020-ffff-ffff0000008f/click [39m[32m200[39m [90m870 ms - 14[39m
[35m[HTTP][39m [90m[39m
[35m[HTTP][39m [37m-->[39m [37mPOST[39m [37m/session/1916bcf1-3f5b-4869-b206-8931e9f18455/element[39m
[35m[HTTP][39m [90m{"using":"xpath","value":"//*[@text=\"Add note\"]"}[39m
[debug] [35m[W3C (1916bcf1)][39m Calling AppiumDriver.findElement() with args: ["xpath","//*[@text=\"Add note\"]","1916bcf1-3f5b-4869-b206-8931e9f18455"]
[debug] [35m[BaseDriver][39m Valid locator strategies for this request: xpath, id, class name, accessibility id, css selector, -android uiautomator
[debug] [35m[BaseDriver][39m Waiting up to 0 ms for condition
[debug] [35m[WD Proxy][39m Matched '/element' to command name 'findElement'
[debug] [35m[WD Proxy][39m Proxying [POST /element] to [POST http://127.0.0.1:8200/wd/hub/session/67777e5c-8dbb-4453-96bd-2ff7e4f9533a/element] with body: {"strategy":"xpath","selector":"//*[@text=\"Add note\"]","context":"","multiple":false}
[debug] [35m[WD Proxy][39m Got response with status 200: {"sessionId":"67777e5c-8dbb-4453-96bd-2ff7e4f9533a","value":{"ELEMENT":"00000000-0000-001f-ffff-ffff0000005b","element-6066-11e4-a52e-4f735466cecf":"00000000-0000-001f-ffff-ffff0000005b"}}
[debug] [35m[W3C (1916bcf1)][39m Responding to client with driver.findElement() result: {"element-6066-11e4-a52e-4f735466cecf":"00000000-0000-001f-ffff-ffff0000005b","ELEMENT":"00000000-0000-001f-ffff-ffff0000005b"}
[35m[HTTP][39m [37m<-- POST /session/1916bcf1-3f5b-4869-b206-8931e9f18455/element [39m[32m200[39m [90m384 ms - 137[39m
[35m[HTTP][39m [90m[39m
[35m[HTTP][39m [37m-->[39m [37mGET[39m [37m/session/1916bcf1-3f5b-4869-b206-8931e9f18455/element/00000000-0000-001f-ffff-ffff0000005b/displayed[39m
[35m[HTTP][39m [90m{}[39m
[debug] [35m[W3C (1916bcf1)][39m Calling AppiumDriver.elementDisplayed() with args: ["00000000-0000-001f-ffff-ffff0000005b","1916bcf1-3f5b-4869-b206-8931e9f18455"]
[debug] [35m[WD Proxy][39m Matched '/element/00000000-0000-001f-ffff-ffff0000005b/attribute/displayed' to command name 'getAttribute'
[debug] [35m[WD Proxy][39m Proxying [GET /element/00000000-0000-001f-ffff-ffff0000005b/attribute/displayed] to [GET http://127.0.0.1:8200/wd/hub/session/67777e5c-8dbb-4453-96bd-2ff7e4f9533a/element/00000000-0000-001f-ffff-ffff0000005b/attribute/displayed] with no body
[debug] [35m[WD Proxy][39m Got response with status 200: {"sessionId":"67777e5c-8dbb-4453-96bd-2ff7e4f9533a","value":"true"}
[debug] [35m[W3C (1916bcf1)][39m Responding to client with driver.elementDisplayed() result: true
[35m[HTTP][39m [37m<-- GET /session/1916bcf1-3f5b-4869-b206-8931e9f18455/element/00000000-0000-001f-ffff-ffff0000005b/displayed [39m[32m200[39m [90m348 ms - 14[39m
[35m[HTTP][39m [90m[39m
[35m[HTTP][39m [37m-->[39m [37mPOST[39m [37m/session/1916bcf1-3f5b-4869-b206-8931e9f18455/element[39m
[35m[HTTP][39m [90m{"using":"xpath","value":"//*[@text=\"Add note\"]"}[39m
[debug] [35m[W3C (1916bcf1)][39m Calling AppiumDriver.findElement() with args: ["xpath","//*[@text=\"Add note\"]","1916bcf1-3f5b-4869-b206-8931e9f18455"]
[debug] [35m[BaseDriver][39m Valid locator strategies for this request: xpath, id, class name, accessibility id, css selector, -android uiautomator
[debug] [35m[BaseDriver][39m Waiting up to 0 ms for condition
[debug] [35m[WD Proxy][39m Matched '/element' to command name 'findElement'
[debug] [35m[WD Proxy][39m Proxying [POST /element] to [POST http://127.0.0.1:8200/wd/hub/session/67777e5c-8dbb-4453-96bd-2ff7e4f9533a/element] with body: {"strategy":"xpath","selector":"//*[@text=\"Add note\"]","context":"","multiple":false}
[debug] [35m[WD Proxy][39m Got response with status 200: {"sessionId":"67777e5c-8dbb-4453-96bd-2ff7e4f9533a","value":{"ELEMENT":"00000000-0000-001f-ffff-ffff0000005b","element-6066-11e4-a52e-4f735466cecf":"00000000-0000-001f-ffff-ffff0000005b"}}
[debug] [35m[W3C (1916bcf1)][39m Responding to client with driver.findElement() result: {"element-6066-11e4-a52e-4f735466cecf":"00000000-0000-001f-ffff-ffff0000005b","ELEMENT":"00000000-0000-001f-ffff-ffff0000005b"}
[35m[HTTP][39m [37m<-- POST /session/1916bcf1-3f5b-4869-b206-8931e9f18455/element [39m[32m200[39m [90m116 ms - 137[39m
[35m[HTTP][39m [90m[39m
[35m[HTTP][39m [37m-->[39m [37mPOST[39m [37m/session/1916bcf1-3f5b-4869-b206-8931e9f18455/element/00000000-0000-001f-ffff-ffff0000005b/click[39m
[35m[HTTP][39m [90m{}[39m
[debug] [35m[W3C (1916bcf1)][39m Calling AppiumDriver.click() with args: ["00000000-0000-001f-ffff-ffff0000005b","1916bcf1-3f5b-4869-b206-8931e9f18455"]
[debug] [35m[WD Proxy][39m Matched '/element/00000000-0000-001f-ffff-ffff0000005b/click' to command name 'click'
[debug] [35m[WD Proxy][39m Proxying [POST /element/00000000-0000-001f-ffff-ffff0000005b/click] to [POST http://127.0.0.1:8200/wd/hub/session/67777e5c-8dbb-4453-96bd-2ff7e4f9533a/element/00000000-0000-001f-ffff-ffff0000005b/click] with body: {"element":"00000000-0000-001f-ffff-ffff0000005b"}
[debug] [35m[WD Proxy][39m Got response with status 200: {"sessionId":"67777e5c-8dbb-4453-96bd-2ff7e4f9533a","value":null}
[debug] [35m[W3C (1916bcf1)][39m Responding to client with driver.click() result: null
[35m[HTTP][39m [37m<-- POST /session/1916bcf1-3f5b-4869-b206-8931e9f18455/element/00000000-0000-001f-ffff-ffff0000005b/click [39m[32m200[39m [90m62 ms - 14[39m
[35m[HTTP][39m [90m[39m
[35m[HTTP][39m [37m-->[39m [37mPOST[39m [37m/session/1916bcf1-3f5b-4869-b206-8931e9f18455/element[39m
[35m[HTTP][39m [90m{"using":"xpath","value":"//*[@text=\"Text\"]"}[39m
[debug] [35m[W3C (1916bcf1)][39m Calling AppiumDriver.findElement() with args: ["xpath","//*[@text=\"Text\"]","1916bcf1-3f5b-4869-b206-8931e9f18455"]
[debug] [35m[BaseDriver][39m Valid locator strategies for this request: xpath, id, class name, accessibility id, css selector, -android uiautomator
[debug] [35m[BaseDriver][39m Waiting up to 0 ms for condition
[debug] [35m[WD Proxy][39m Matched '/element' to command name 'findElement'
[debug] [35m[WD Proxy][39m Proxying [POST /element] to [POST http://127.0.0.1:8200/wd/hub/session/67777e5c-8dbb-4453-96bd-2ff7e4f9533a/element] with body: {"strategy":"xpath","selector":"//*[@text=\"Text\"]","context":"","multiple":false}
[debug] [35m[WD Proxy][39m Got response with status 200: {"sessionId":"67777e5c-8dbb-4453-96bd-2ff7e4f9533a","value":{"ELEMENT":"00000000-0000-0021-ffff-ffff000000ae","element-6066-11e4-a52e-4f735466cecf":"00000000-0000-0021-ffff-ffff000000ae"}}
[debug] [35m[W3C (1916bcf1)][39m Responding to client with driver.findElement() result: {"element-6066-11e4-a52e-4f735466cecf":"00000000-0000-0021-ffff-ffff000000ae","ELEMENT":"00000000-0000-0021-ffff-ffff000000ae"}
[35m[HTTP][39m [37m<-- POST /session/1916bcf1-3f5b-4869-b206-8931e9f18455/element [39m[32m200[39m [90m315 ms - 137[39m
[35m[HTTP][39m [90m[39m
[35m[HTTP][39m [37m-->[39m [37mPOST[39m [37m/session/1916bcf1-3f5b-4869-b206-8931e9f18455/element/00000000-0000-0021-ffff-ffff000000ae/click[39m
[35m[HTTP][39m [90m{}[39m
[debug] [35m[W3C (1916bcf1)][39m Calling AppiumDriver.click() with args: ["00000000-0000-0021-ffff-ffff000000ae","1916bcf1-3f5b-4869-b206-8931e9f18455"]
[debug] [35m[WD Proxy][39m Matched '/element/00000000-0000-0021-ffff-ffff000000ae/click' to command name 'click'
[debug] [35m[WD Proxy][39m Proxying [POST /element/00000000-0000-0021-ffff-ffff000000ae/click] to [POST http://127.0.0.1:8200/wd/hub/session/67777e5c-8dbb-4453-96bd-2ff7e4f9533a/element/00000000-0000-0021-ffff-ffff000000ae/click] with body: {"element":"00000000-0000-0021-ffff-ffff000000ae"}
[debug] [35m[WD Proxy][39m Got response with status 200: {"sessionId":"67777e5c-8dbb-4453-96bd-2ff7e4f9533a","value":null}
[debug] [35m[W3C (1916bcf1)][39m Responding to client with driver.click() result: null
[35m[HTTP][39m [37m<-- POST /session/1916bcf1-3f5b-4869-b206-8931e9f18455/element/00000000-0000-0021-ffff-ffff000000ae/click [39m[32m200[39m [90m1436 ms - 14[39m
[35m[HTTP][39m [90m[39m
[35m[HTTP][39m [37m-->[39m [37mPOST[39m [37m/session/1916bcf1-3f5b-4869-b206-8931e9f18455/element[39m
[35m[HTTP][39m [90m{"using":"xpath","value":"//*[@text=\"Editing\"]"}[39m
[debug] [35m[W3C (1916bcf1)][39m Calling AppiumDriver.findElement() with args: ["xpath","//*[@text=\"Editing\"]","1916bcf1-3f5b-4869-b206-8931e9f18455"]
[debug] [35m[BaseDriver][39m Valid locator strategies for this request: xpath, id, class name, accessibility id, css selector, -android uiautomator
[debug] [35m[BaseDriver][39m Waiting up to 0 ms for condition
[debug] [35m[WD Proxy][39m Matched '/element' to command name 'findElement'
[debug] [35m[WD Proxy][39m Proxying [POST /element] to [POST http://127.0.0.1:8200/wd/hub/session/67777e5c-8dbb-4453-96bd-2ff7e4f9533a/element] with body: {"strategy":"xpath","selector":"//*[@text=\"Editing\"]","context":"","multiple":false}
[debug] [35m[WD Proxy][39m Got response with status 200: {"sessionId":"67777e5c-8dbb-4453-96bd-2ff7e4f9533a","value":{"ELEMENT":"00000000-0000-0022-ffff-ffff000000e0","element-6066-11e4-a52e-4f735466cecf":"00000000-0000-0022-ffff-ffff000000e0"}}
[debug] [35m[W3C (1916bcf1)][39m Responding to client with driver.findElement() result: {"element-6066-11e4-a52e-4f735466cecf":"00000000-0000-0022-ffff-ffff000000e0","ELEMENT":"00000000-0000-0022-ffff-ffff000000e0"}
[35m[HTTP][39m [37m<-- POST /session/1916bcf1-3f5b-4869-b206-8931e9f18455/element [39m[32m200[39m [90m132 ms - 137[39m
[35m[HTTP][39m [90m[39m
[35m[HTTP][39m [37m-->[39m [37mGET[39m [37m/session/1916bcf1-3f5b-4869-b206-8931e9f18455/element/00000000-0000-0022-ffff-ffff000000e0/displayed[39m
[35m[HTTP][39m [90m{}[39m
[debug] [35m[W3C (1916bcf1)][39m Calling AppiumDriver.elementDisplayed() with args: ["00000000-0000-0022-ffff-ffff000000e0","1916bcf1-3f5b-4869-b206-8931e9f18455"]
[debug] [35m[WD Proxy][39m Matched '/element/00000000-0000-0022-ffff-ffff000000e0/attribute/displayed' to command name 'getAttribute'
[debug] [35m[WD Proxy][39m Proxying [GET /element/00000000-0000-0022-ffff-ffff000000e0/attribute/displayed] to [GET http://127.0.0.1:8200/wd/hub/session/67777e5c-8dbb-4453-96bd-2ff7e4f9533a/element/00000000-0000-0022-ffff-ffff000000e0/attribute/displayed] with no body
[debug] [35m[WD Proxy][39m Got response with status 200: {"sessionId":"67777e5c-8dbb-4453-96bd-2ff7e4f9533a","value":"true"}
[debug] [35m[W3C (1916bcf1)][39m Responding to client with driver.elementDisplayed() result: true
[35m[HTTP][39m [37m<-- GET /session/1916bcf1-3f5b-4869-b206-8931e9f18455/element/00000000-0000-0022-ffff-ffff000000e0/displayed [39m[32m200[39m [90m33 ms - 14[39m
[35m[HTTP][39m [90m[39m
[35m[HTTP][39m [37m-->[39m [37mPOST[39m [37m/session/1916bcf1-3f5b-4869-b206-8931e9f18455/element[39m
[35m[HTTP][39m [90m{"using":"xpath","value":"//*[@resource-id=\"com.socialnmobile.dictapps.notepad.color.note:id/edit_title\"]"}[39m
[debug] [35m[W3C (1916bcf1)][39m Calling AppiumDriver.findElement() with args: ["xpath","//*[@resource-id=\"com.socialnmobile.dictapps.notepad.color.note:id/edit_title\"]","1916bcf1-3f5b-4869-b206-8931e9f18455"]
[debug] [35m[BaseDriver][39m Valid locator strategies for this request: xpath, id, class name, accessibility id, css selector, -android uiautomator
[debug] [35m[BaseDriver][39m Waiting up to 0 ms for condition
[debug] [35m[WD Proxy][39m Matched '/element' to command name 'findElement'
[debug] [35m[WD Proxy][39m Proxying [POST /element] to [POST http://127.0.0.1:8200/wd/hub/session/67777e5c-8dbb-4453-96bd-2ff7e4f9533a/element] with body: {"strategy":"xpath","selector":"//*[@resource-id=\"com.socialnmobile.dictapps.notepad.color.note:id/edit_title\"]","context":"","multiple":false}
[debug] [35m[WD Proxy][39m Got response with status 200: {"sessionId":"67777e5c-8dbb-4453-96bd-2ff7e4f9533a","value":{"ELEMENT":"00000000-0000-0022-ffff-ffff000000d6","element-6066-11e4-a52e-4f735466cecf":"00000000-0000-0022-ffff-ffff000000d6"}}
[debug] [35m[W3C (1916bcf1)][39m Responding to client with driver.findElement() result: {"element-6066-11e4-a52e-4f735466cecf":"00000000-0000-0022-ffff-ffff000000d6","ELEMENT":"00000000-0000-0022-ffff-ffff000000d6"}
[35m[HTTP][39m [37m<-- POST /session/1916bcf1-3f5b-4869-b206-8931e9f18455/element [39m[32m200[39m [90m166 ms - 137[39m
[35m[HTTP][39m [90m[39m
[35m[HTTP][39m [37m-->[39m [37mPOST[39m [37m/session/1916bcf1-3f5b-4869-b206-8931e9f18455/element/00000000-0000-0022-ffff-ffff000000d6/value[39m
[35m[HTTP][39m [90m{"text":"Favorite animal list"}[39m
[debug] [35m[W3C (1916bcf1)][39m Calling AppiumDriver.setValue() with args: ["Favorite animal list","00000000-0000-0022-ffff-ffff000000d6","1916bcf1-3f5b-4869-b206-8931e9f18455"]
[debug] [35m[WD Proxy][39m Matched '/element/00000000-0000-0022-ffff-ffff000000d6/value' to command name 'setValue'
[debug] [35m[Protocol Converter][39m Added 'value' property ["F","a","v","o","r","i","t","e"," ","a","n","i","m","a","l"," ","l","i","s","t"] to 'setValue' request body
[debug] [35m[WD Proxy][39m Proxying [POST /element/00000000-0000-0022-ffff-ffff000000d6/value] to [POST http://127.0.0.1:8200/wd/hub/session/67777e5c-8dbb-4453-96bd-2ff7e4f9533a/element/00000000-0000-0022-ffff-ffff000000d6/value] with body: {"elementId":"00000000-0000-0022-ffff-ffff000000d6","text":"Favorite animal list","replace":false,"value":["F","a","v","o","r","i","t","e"," ","a","n","i","m","a","l"," ","l","i","s","t"]}
[debug] [35m[WD Proxy][39m Got response with status 200: {"sessionId":"67777e5c-8dbb-4453-96bd-2ff7e4f9533a","value":null}
[debug] [35m[W3C (1916bcf1)][39m Responding to client with driver.setValue() result: null
[35m[HTTP][39m [37m<-- POST /session/1916bcf1-3f5b-4869-b206-8931e9f18455/element/00000000-0000-0022-ffff-ffff000000d6/value [39m[32m200[39m [90m106 ms - 14[39m
[35m[HTTP][39m [90m[39m
[35m[HTTP][39m [37m-->[39m [37mPOST[39m [37m/session/1916bcf1-3f5b-4869-b206-8931e9f18455/element[39m
[35m[HTTP][39m [90m{"using":"xpath","value":"//*[@resource-id=\"com.socialnmobile.dictapps.notepad.color.note:id/edit_note\"]"}[39m
[debug] [35m[W3C (1916bcf1)][39m Calling AppiumDriver.findElement() with args: ["xpath","//*[@resource-id=\"com.socialnmobile.dictapps.notepad.color.note:id/edit_note\"]","1916bcf1-3f5b-4869-b206-8931e9f18455"]
[debug] [35m[BaseDriver][39m Valid locator strategies for this request: xpath, id, class name, accessibility id, css selector, -android uiautomator
[debug] [35m[BaseDriver][39m Waiting up to 0 ms for condition
[debug] [35m[WD Proxy][39m Matched '/element' to command name 'findElement'
[debug] [35m[WD Proxy][39m Proxying [POST /element] to [POST http://127.0.0.1:8200/wd/hub/session/67777e5c-8dbb-4453-96bd-2ff7e4f9533a/element] with body: {"strategy":"xpath","selector":"//*[@resource-id=\"com.socialnmobile.dictapps.notepad.color.note:id/edit_note\"]","context":"","multiple":false}
[debug] [35m[WD Proxy][39m Got response with status 200: {"sessionId":"67777e5c-8dbb-4453-96bd-2ff7e4f9533a","value":{"ELEMENT":"00000000-0000-0022-ffff-ffff000000e7","element-6066-11e4-a52e-4f735466cecf":"00000000-0000-0022-ffff-ffff000000e7"}}
[debug] [35m[W3C (1916bcf1)][39m Responding to client with driver.findElement() result: {"element-6066-11e4-a52e-4f735466cecf":"00000000-0000-0022-ffff-ffff000000e7","ELEMENT":"00000000-0000-0022-ffff-ffff000000e7"}
[35m[HTTP][39m [37m<-- POST /session/1916bcf1-3f5b-4869-b206-8931e9f18455/element [39m[32m200[39m [90m1222 ms - 137[39m
[35m[HTTP][39m [90m[39m
[35m[HTTP][39m [37m-->[39m [37mPOST[39m [37m/session/1916bcf1-3f5b-4869-b206-8931e9f18455/element/00000000-0000-0022-ffff-ffff000000e7/value[39m
[35m[HTTP][39m [90m{"text":"Cat\nCapivara\nSloth"}[39m
[debug] [35m[W3C (1916bcf1)][39m Calling AppiumDriver.setValue() with args: ["Cat\nCapivara\nSloth","00000000-0000-0022-ffff-ffff000000e7","1916bcf1-3f5b-4869-b206-8931e9f18455"]
[debug] [35m[WD Proxy][39m Matched '/element/00000000-0000-0022-ffff-ffff000000e7/value' to command name 'setValue'
[debug] [35m[Protocol Converter][39m Added 'value' property ["C","a","t","\n","C","a","p","i","v","a","r","a","\n","S","l","o","t","h"] to 'setValue' request body
[debug] [35m[WD Proxy][39m Proxying [POST /element/00000000-0000-0022-ffff-ffff000000e7/value] to [POST http://127.0.0.1:8200/wd/hub/session/67777e5c-8dbb-4453-96bd-2ff7e4f9533a/element/00000000-0000-0022-ffff-ffff000000e7/value] with body: {"elementId":"00000000-0000-0022-ffff-ffff000000e7","text":"Cat\nCapivara\nSloth","replace":false,"value":["C","a","t","\n","C","a","p","i","v","a","r","a","\n","S","l","o","t","h"]}
[debug] [35m[WD Proxy][39m Got response with status 200: {"sessionId":"67777e5c-8dbb-4453-96bd-2ff7e4f9533a","value":null}
[debug] [35m[W3C (1916bcf1)][39m Responding to client with driver.setValue() result: null
[35m[HTTP][39m [37m<-- POST /session/1916bcf1-3f5b-4869-b206-8931e9f18455/element/00000000-0000-0022-ffff-ffff000000e7/value [39m[32m200[39m [90m61 ms - 14[39m
[35m[HTTP][39m [90m[39m
[35m[HTTP][39m [37m-->[39m [37mPOST[39m [37m/session/1916bcf1-3f5b-4869-b206-8931e9f18455/back[39m
[35m[HTTP][39m [90m{}[39m
[35m[W3C (1916bcf1)][39m Driver proxy active, passing request on via HTTP proxy
[debug] [35m[WD Proxy][39m Matched '/session/1916bcf1-3f5b-4869-b206-8931e9f18455/back' to command name 'back'
[debug] [35m[WD Proxy][39m Proxying [POST /session/1916bcf1-3f5b-4869-b206-8931e9f18455/back] to [POST http://127.0.0.1:8200/wd/hub/session/67777e5c-8dbb-4453-96bd-2ff7e4f9533a/back] with body: {}
[debug] [35m[WD Proxy][39m Got response with status 200: {"sessionId":"67777e5c-8dbb-4453-96bd-2ff7e4f9533a","value":null}
[35m[WD Proxy][39m Replacing sessionId 67777e5c-8dbb-4453-96bd-2ff7e4f9533a with 1916bcf1-3f5b-4869-b206-8931e9f18455
[35m[HTTP][39m [37m<-- POST /session/1916bcf1-3f5b-4869-b206-8931e9f18455/back [39m[32m200[39m [90m1182 ms - 65[39m
[35m[HTTP][39m [90m[39m
[35m[HTTP][39m [37m-->[39m [37mPOST[39m [37m/session/1916bcf1-3f5b-4869-b206-8931e9f18455/back[39m
[35m[HTTP][39m [90m{}[39m
[35m[W3C (1916bcf1)][39m Driver proxy active, passing request on via HTTP proxy
[debug] [35m[WD Proxy][39m Matched '/session/1916bcf1-3f5b-4869-b206-8931e9f18455/back' to command name 'back'
[debug] [35m[WD Proxy][39m Proxying [POST /session/1916bcf1-3f5b-4869-b206-8931e9f18455/back] to [POST http://127.0.0.1:8200/wd/hub/session/67777e5c-8dbb-4453-96bd-2ff7e4f9533a/back] with body: {}
[debug] [35m[WD Proxy][39m Got response with status 200: {"sessionId":"67777e5c-8dbb-4453-96bd-2ff7e4f9533a","value":null}
[35m[WD Proxy][39m Replacing sessionId 67777e5c-8dbb-4453-96bd-2ff7e4f9533a with 1916bcf1-3f5b-4869-b206-8931e9f18455
[35m[HTTP][39m [37m<-- POST /session/1916bcf1-3f5b-4869-b206-8931e9f18455/back [39m[32m200[39m [90m762 ms - 65[39m
[35m[HTTP][39m [90m[39m
[35m[HTTP][39m [37m-->[39m [37mPOST[39m [37m/session/1916bcf1-3f5b-4869-b206-8931e9f18455/element[39m
[35m[HTTP][39m [90m{"using":"xpath","value":"//*[@resource-id=\"com.socialnmobile.dictapps.notepad.color.note:id/edit_btn\"]"}[39m
[debug] [35m[W3C (1916bcf1)][39m Calling AppiumDriver.findElement() with args: ["xpath","//*[@resource-id=\"com.socialnmobile.dictapps.notepad.color.note:id/edit_btn\"]","1916bcf1-3f5b-4869-b206-8931e9f18455"]
[debug] [35m[BaseDriver][39m Valid locator strategies for this request: xpath, id, class name, accessibility id, css selector, -android uiautomator
[debug] [35m[BaseDriver][39m Waiting up to 0 ms for condition
[debug] [35m[WD Proxy][39m Matched '/element' to command name 'findElement'
[debug] [35m[WD Proxy][39m Proxying [POST /element] to [POST http://127.0.0.1:8200/wd/hub/session/67777e5c-8dbb-4453-96bd-2ff7e4f9533a/element] with body: {"strategy":"xpath","selector":"//*[@resource-id=\"com.socialnmobile.dictapps.notepad.color.note:id/edit_btn\"]","context":"","multiple":false}
[debug] [35m[WD Proxy][39m Got response with status 200: {"sessionId":"67777e5c-8dbb-4453-96bd-2ff7e4f9533a","value":{"ELEMENT":"00000000-0000-0022-ffff-ffff000000d8","element-6066-11e4-a52e-4f735466cecf":"00000000-0000-0022-ffff-ffff000000d8"}}
[debug] [35m[W3C (1916bcf1)][39m Responding to client with driver.findElement() result: {"element-6066-11e4-a52e-4f735466cecf":"00000000-0000-0022-ffff-ffff000000d8","ELEMENT":"00000000-0000-0022-ffff-ffff000000d8"}
[35m[HTTP][39m [37m<-- POST /session/1916bcf1-3f5b-4869-b206-8931e9f18455/element [39m[32m200[39m [90m926 ms - 137[39m
[35m[HTTP][39m [90m[39m
[35m[HTTP][39m [37m-->[39m [37mGET[39m [37m/session/1916bcf1-3f5b-4869-b206-8931e9f18455/element/00000000-0000-0022-ffff-ffff000000d8/displayed[39m
[35m[HTTP][39m [90m{}[39m
[debug] [35m[W3C (1916bcf1)][39m Calling AppiumDriver.elementDisplayed() with args: ["00000000-0000-0022-ffff-ffff000000d8","1916bcf1-3f5b-4869-b206-8931e9f18455"]
[debug] [35m[WD Proxy][39m Matched '/element/00000000-0000-0022-ffff-ffff000000d8/attribute/displayed' to command name 'getAttribute'
[debug] [35m[WD Proxy][39m Proxying [GET /element/00000000-0000-0022-ffff-ffff000000d8/attribute/displayed] to [GET http://127.0.0.1:8200/wd/hub/session/67777e5c-8dbb-4453-96bd-2ff7e4f9533a/element/00000000-0000-0022-ffff-ffff000000d8/attribute/displayed] with no body
[debug] [35m[WD Proxy][39m Got response with status 200: {"sessionId":"67777e5c-8dbb-4453-96bd-2ff7e4f9533a","value":"true"}
[debug] [35m[W3C (1916bcf1)][39m Responding to client with driver.elementDisplayed() result: true
[35m[HTTP][39m [37m<-- GET /session/1916bcf1-3f5b-4869-b206-8931e9f18455/element/00000000-0000-0022-ffff-ffff000000d8/displayed [39m[32m200[39m [90m17 ms - 14[39m
[35m[HTTP][39m [90m[39m
[35m[HTTP][39m [37m-->[39m [37mPOST[39m [37m/session/1916bcf1-3f5b-4869-b206-8931e9f18455/element[39m
[35m[HTTP][39m [90m{"using":"xpath","value":"//*[@resource-id=\"com.socialnmobile.dictapps.notepad.color.note:id/view_note\"]"}[39m
[debug] [35m[W3C (1916bcf1)][39m Calling AppiumDriver.findElement() with args: ["xpath","//*[@resource-id=\"com.socialnmobile.dictapps.notepad.color.note:id/view_note\"]","1916bcf1-3f5b-4869-b206-8931e9f18455"]
[debug] [35m[BaseDriver][39m Valid locator strategies for this request: xpath, id, class name, accessibility id, css selector, -android uiautomator
[debug] [35m[BaseDriver][39m Waiting up to 0 ms for condition
[debug] [35m[WD Proxy][39m Matched '/element' to command name 'findElement'
[debug] [35m[WD Proxy][39m Proxying [POST /element] to [POST http://127.0.0.1:8200/wd/hub/session/67777e5c-8dbb-4453-96bd-2ff7e4f9533a/element] with body: {"strategy":"xpath","selector":"//*[@resource-id=\"com.socialnmobile.dictapps.notepad.color.note:id/view_note\"]","context":"","multiple":false}
[debug] [35m[WD Proxy][39m Got response with status 200: {"sessionId":"67777e5c-8dbb-4453-96bd-2ff7e4f9533a","value":{"ELEMENT":"00000000-0000-0022-ffff-ffff000000e8","element-6066-11e4-a52e-4f735466cecf":"00000000-0000-0022-ffff-ffff000000e8"}}
[debug] [35m[W3C (1916bcf1)][39m Responding to client with driver.findElement() result: {"element-6066-11e4-a52e-4f735466cecf":"00000000-0000-0022-ffff-ffff000000e8","ELEMENT":"00000000-0000-0022-ffff-ffff000000e8"}
[35m[HTTP][39m [37m<-- POST /session/1916bcf1-3f5b-4869-b206-8931e9f18455/element [39m[32m200[39m [90m70 ms - 137[39m
[35m[HTTP][39m [90m[39m
[35m[HTTP][39m [37m-->[39m [37mGET[39m [37m/session/1916bcf1-3f5b-4869-b206-8931e9f18455/element/00000000-0000-0022-ffff-ffff000000e8/text[39m
[35m[HTTP][39m [90m{}[39m
[35m[W3C (1916bcf1)][39m Driver proxy active, passing request on via HTTP proxy
[debug] [35m[WD Proxy][39m Matched '/session/1916bcf1-3f5b-4869-b206-8931e9f18455/element/00000000-0000-0022-ffff-ffff000000e8/text' to command name 'getText'
[debug] [35m[WD Proxy][39m Proxying [GET /session/1916bcf1-3f5b-4869-b206-8931e9f18455/element/00000000-0000-0022-ffff-ffff000000e8/text] to [GET http://127.0.0.1:8200/wd/hub/session/67777e5c-8dbb-4453-96bd-2ff7e4f9533a/element/00000000-0000-0022-ffff-ffff000000e8/text] with no body
[debug] [35m[WD Proxy][39m Got response with status 200: {"sessionId":"67777e5c-8dbb-4453-96bd-2ff7e4f9533a","value":"Cat\nCapivara\nSloth"}
[35m[WD Proxy][39m Replacing sessionId 67777e5c-8dbb-4453-96bd-2ff7e4f9533a with 1916bcf1-3f5b-4869-b206-8931e9f18455
[35m[HTTP][39m [37m<-- GET /session/1916bcf1-3f5b-4869-b206-8931e9f18455/element/00000000-0000-0022-ffff-ffff000000e8/text [39m[32m200[39m [90m17 ms - 83[39m
[35m[HTTP][39m [90m[39m
[35m[HTTP][39m [37m-->[39m [37mDELETE[39m [37m/session/1916bcf1-3f5b-4869-b206-8931e9f18455[39m
[35m[HTTP][39m [90m{}[39m
[debug] [35m[W3C (1916bcf1)][39m Calling AppiumDriver.deleteSession() with args: ["1916bcf1-3f5b-4869-b206-8931e9f18455"]
[debug] [35m[BaseDriver][39m Event 'quitSessionRequested' logged at 1658247868117 (18:24:28 GMT+0200 (Mitteleuropäische Sommerzeit))
[35m[Appium][39m Removing session 1916bcf1-3f5b-4869-b206-8931e9f18455 from our master session list
[debug] [35m[UiAutomator2][39m Deleting UiAutomator2 session
[debug] [35m[UiAutomator2][39m Deleting UiAutomator2 server session
[debug] [35m[WD Proxy][39m Matched '/' to command name 'deleteSession'
[debug] [35m[WD Proxy][39m Proxying [DELETE /] to [DELETE http://127.0.0.1:8200/wd/hub/session/67777e5c-8dbb-4453-96bd-2ff7e4f9533a] with no body
[debug] [35m[WD Proxy][39m Got response with status 200: {"sessionId":"67777e5c-8dbb-4453-96bd-2ff7e4f9533a","value":null}
[debug] [35m[ADB][39m Running 'C:\Users\Sarah\AppData\Local\Android\Sdk\platform-tools\adb.exe -P 5037 -s emulator-5554 shell am force-stop com.socialnmobile.dictapps.notepad.color.note'
[debug] [35m[Logcat][39m Stopping logcat capture
[debug] [35m[ADB][39m Removing forwarded port socket connection: 8200 
[debug] [35m[ADB][39m Running 'C:\Users\Sarah\AppData\Local\Android\Sdk\platform-tools\adb.exe -P 5037 -s emulator-5554 forward --remove tcp:8200'
[35m[UiAutomator2][39m Restoring hidden api policy to the device default configuration
[debug] [35m[ADB][39m Running 'C:\Users\Sarah\AppData\Local\Android\Sdk\platform-tools\adb.exe -P 5037 -s emulator-5554 shell 'settings delete global hidden_api_policy_pre_p_apps;settings delete global hidden_api_policy_p_apps;settings delete global hidden_api_policy''
[debug] [35m[BaseDriver][39m Event 'quitSessionFinished' logged at 1658247868532 (18:24:28 GMT+0200 (Mitteleuropäische Sommerzeit))
[debug] [35m[W3C (1916bcf1)][39m Received response: null
[debug] [35m[W3C (1916bcf1)][39m But deleting session, so not returning
[debug] [35m[W3C (1916bcf1)][39m Responding to client with driver.deleteSession() result: null
[35m[HTTP][39m [37m<-- DELETE /session/1916bcf1-3f5b-4869-b206-8931e9f18455 [39m[32m200[39m [90m418 ms - 14[39m
[35m[HTTP][39m [90m[39m
[debug] [35m[Instrumentation][39m .
[debug] [35m[Instrumentation][39m Time: 14.368
[debug] [35m[Instrumentation][39m 
[debug] [35m[Instrumentation][39m OK (1 test)
